#
# A fatal error has been detected by the Java Runtime Environment:
#
#  EXCEPTION_ACCESS_VIOLATION (0xc0000005) at pc=0x0000000068aad332, pid=6032, tid=0x0000000000001ba4
#
# JRE version: Java(TM) SE Runtime Environment (8.0_92-b14) (build 1.8.0_92-b14)
# Java VM: Java HotSpot(TM) 64-Bit Server VM (25.92-b14 mixed mode windows-amd64 compressed oops)
# Problematic frame:
# V  [jvm.dll+0x15d332]
#
# Failed to write core dump. Minidumps are not enabled by default on client versions of Windows
#
# If you would like to submit a bug report, please visit:
#   http://bugreport.java.com/bugreport/crash.jsp
#

---------------  T H R E A D  ---------------

Current thread (0x0000000008c35800):  JavaThread "JavaFX Application Thread" [_thread_in_vm, id=7076, stack(0x0000000009a80000,0x0000000009b80000)]

siginfo: ExceptionCode=0xc0000005, reading address 0x0000000000000000

Registers:
RAX=0x0000000008a54f20, RBX=0x000000000321f360, RCX=0x0000000000000028, RDX=0x0000000008a54f20
RSP=0x0000000009b7f200, RBP=0x00000000662a9838, RSI=0x0000000000000000, RDI=0x0000000008a54f20
R8 =0x0000000000000028, R9 =0x000000005d8548e8, R10=0x0000000008a54f20, R11=0x0000000065294662
R12=0x00000000662a9808, R13=0x0000000000000001, R14=0x00000000000000d4, R15=0x0000000000000000
RIP=0x0000000068aad332, EFLAGS=0x0000000000010202

Top of Stack: (sp=0x0000000009b7f200)
0x0000000009b7f200:   000000000321f360 0000000000000000
0x0000000009b7f210:   0000000008c35800 0000000068a8d365
0x0000000009b7f220:   0000000008c359f8 0000000000000000
0x0000000009b7f230:   0000000065294662 0000000008c35800
0x0000000009b7f240:   0000000000000001 0000000008c359f8
0x0000000009b7f250:   00000000662a9808 0000000068aad727
0x0000000009b7f260:   0000000008c35800 000000009cf0d20b
0x0000000009b7f270:   0000000000000000 00000000662a9838
0x0000000009b7f280:   0000000008c35800 0000000008c359f8
0x0000000009b7f290:   0000000008c35800 0000000000000000
0x0000000009b7f2a0:   0000000000000001 00000000067d4410
0x0000000009b7f2b0:   00000000000000dd 0000000066294d8b
0x0000000009b7f2c0:   0000000008c359f8 0000000009b7f420
0x0000000009b7f2d0:   0000000000000000 00007ffa9a3ff994
0x0000000009b7f2e0:   fffffffffffffffe 0000000008c359f8
0x0000000009b7f2f0:   0000000000000000 000000000b373278 

Instructions: (pc=0x0000000068aad332)
0x0000000068aad312:   8d 51 ff 49 8b cc e8 43 90 f1 ff 48 8b f8 48 85
0x0000000068aad322:   db 0f 84 27 01 00 00 48 85 c0 0f 84 1e 01 00 00
0x0000000068aad332:   48 8b 0e e8 76 ac f0 ff 84 c0 74 33 4c 8b 0d f3
0x0000000068aad342:   18 69 00 48 8b 8c 24 80 00 00 00 48 8d 15 1c 34 


Register to memory mapping:

RAX=0x0000000008a54f20 is an unknown value
RBX=0x000000000321f360 is an unknown value
RCX=0x0000000000000028 is an unknown value
RDX=0x0000000008a54f20 is an unknown value
RSP=0x0000000009b7f200 is pointing into the stack for thread: 0x0000000008c35800
RBP=0x00000000662a9838 is an unknown value
RSI=0x0000000000000000 is an unknown value
RDI=0x0000000008a54f20 is an unknown value
R8 =0x0000000000000028 is an unknown value
R9 =0x000000005d8548e8 is an unknown value
R10=0x0000000008a54f20 is an unknown value
R11=0x0000000065294662 is an unknown value
R12=0x00000000662a9808 is an unknown value
R13=0x0000000000000001 is an unknown value
R14=0x00000000000000d4 is an unknown value
R15=0x0000000000000000 is an unknown value


Stack: [0x0000000009a80000,0x0000000009b80000],  sp=0x0000000009b7f200,  free space=1020k
Native frames: (J=compiled Java code, j=interpreted, Vv=VM code, C=native code)
V  [jvm.dll+0x15d332]
V  [jvm.dll+0x15d727]
C  [glass.dll+0x14d8b]
C  [glass.dll+0x1ffb7]
C  [glass.dll+0x1bcff]
C  [glass.dll+0x17e8]
C  [USER32.dll+0x11169]
C  [USER32.dll+0x10c97]
C  [glass.dll+0xa59d]
C  0x000000000f025c74

Java frames: (J=compiled Java code, j=interpreted, Vv=VM code)
j  com.sun.glass.ui.win.WinApplication._runLoop(Ljava/lang/Runnable;)V+0
j  com.sun.glass.ui.win.WinApplication.lambda$null$148(ILjava/lang/Runnable;)V+8
j  com.sun.glass.ui.win.WinApplication$$Lambda$38.run()V+12
j  java.lang.Thread.run()V+11
v  ~StubRoutines::call_stub

---------------  P R O C E S S  ---------------

Java Threads: ( => current thread )
  0x000000000c78e000 JavaThread "DestroyJavaVM" [_thread_blocked, id=4008, stack(0x0000000001640000,0x0000000001740000)]
  0x000000000c78f800 JavaThread "Prism Font Disposer" daemon [_thread_blocked, id=4756, stack(0x000000000e520000,0x000000000e620000)]
  0x000000000c728000 JavaThread "character's AnimationScheduler" [_thread_blocked, id=2248, stack(0x000000000dac0000,0x000000000dbc0000)]
  0x000000000c7bb000 JavaThread "Anna's AnimationScheduler" [_thread_blocked, id=3820, stack(0x000000000d8c0000,0x000000000d9c0000)]
  0x000000000c983800 JavaThread "Bob's AnimationScheduler" [_thread_blocked, id=3120, stack(0x000000000d6c0000,0x000000000d7c0000)]
  0x0000000008fa6800 JavaThread "AWT-Windows" daemon [_thread_in_native, id=7000, stack(0x000000000c1f0000,0x000000000c2f0000)]
  0x0000000008f9f000 JavaThread "Java2D Disposer" daemon [_thread_blocked, id=3512, stack(0x000000000bff0000,0x000000000c0f0000)]
  0x0000000008ebf000 JavaThread "Thread-3" daemon [_thread_in_native, id=6892, stack(0x000000000be10000,0x000000000bf10000)]
=>0x0000000008c35800 JavaThread "JavaFX Application Thread" [_thread_in_vm, id=7076, stack(0x0000000009a80000,0x0000000009b80000)]
  0x0000000008c30000 JavaThread "Thread-1" daemon [_thread_blocked, id=6968, stack(0x0000000009980000,0x0000000009a80000)]
  0x0000000008bfb800 JavaThread "QuantumRenderer-0" daemon [_thread_blocked, id=3128, stack(0x0000000009640000,0x0000000009740000)]
  0x000000000690e800 JavaThread "Service Thread" daemon [_thread_blocked, id=1540, stack(0x0000000008c40000,0x0000000008d40000)]
  0x00000000068c0000 JavaThread "C1 CompilerThread2" daemon [_thread_blocked, id=5580, stack(0x0000000008740000,0x0000000008840000)]
  0x00000000068b1800 JavaThread "C2 CompilerThread1" daemon [_thread_blocked, id=1916, stack(0x0000000008640000,0x0000000008740000)]
  0x00000000068af000 JavaThread "C2 CompilerThread0" daemon [_thread_blocked, id=2340, stack(0x0000000008540000,0x0000000008640000)]
  0x00000000068ad000 JavaThread "Attach Listener" daemon [_thread_blocked, id=6196, stack(0x0000000008440000,0x0000000008540000)]
  0x00000000068ac000 JavaThread "Signal Dispatcher" daemon [_thread_blocked, id=4072, stack(0x0000000008340000,0x0000000008440000)]
  0x000000000689a000 JavaThread "Finalizer" daemon [_thread_blocked, id=3184, stack(0x0000000007b10000,0x0000000007c10000)]
  0x0000000006879000 JavaThread "Reference Handler" daemon [_thread_blocked, id=2972, stack(0x0000000007a10000,0x0000000007b10000)]

Other Threads:
  0x0000000006877000 VMThread [stack: 0x0000000007910000,0x0000000007a10000] [id=2244]
  0x0000000008880800 WatcherThread [stack: 0x0000000008d40000,0x0000000008e40000] [id=6056]

VM state:not at safepoint (normal execution)

VM Mutex/Monitor currently owned by a thread: None

Heap:
 PSYoungGen      total 221184K, used 124123K [0x00000000ebc00000, 0x0000000100000000, 0x0000000100000000)
  eden space 110592K, 99% used [0x00000000ebc00000,0x00000000f27ffa70,0x00000000f2800000)
  from space 110592K, 12% used [0x00000000f9400000,0x00000000fa1373e0,0x0000000100000000)
  to   space 110592K, 0% used [0x00000000f2800000,0x00000000f2800000,0x00000000f9400000)
 ParOldGen       total 663552K, used 663073K [0x00000000c3400000, 0x00000000ebc00000, 0x00000000ebc00000)
  object space 663552K, 99% used [0x00000000c3400000,0x00000000ebb88618,0x00000000ebc00000)
 Metaspace       used 20073K, capacity 20986K, committed 21248K, reserved 1067008K
  class space    used 2839K, capacity 3053K, committed 3072K, reserved 1048576K

Card table byte_map: [0x0000000003780000,0x0000000003970000] byte_map_base: 0x0000000003166000

Marking Bits: (ParMarkBitMap*) 0x00000000691664f0
 Begin Bits: [0x0000000003ec0000, 0x0000000004df0000)
 End Bits:   [0x0000000004df0000, 0x0000000005d20000)

Polling page: 0x0000000001170000

CodeCache: size=245760Kb used=8448Kb max_used=9887Kb free=237311Kb
 bounds [0x000000000f010000, 0x000000000f9d0000, 0x000000001e010000]
 total_blobs=3053 nmethods=2355 adapters=610
 compilation: enabled

Compilation events (10 events):
Event: 20.870 Thread 0x00000000068c0000 2628       3       java.io.Writer::write (11 bytes)
Event: 20.870 Thread 0x00000000068c0000 nmethod 2628 0x000000000f11dd90 code [0x000000000f11df00, 0x000000000f11e208]
Event: 21.068 Thread 0x00000000068c0000 2629   !   3       sun.nio.cs.StreamEncoder::write (78 bytes)
Event: 21.197 Thread 0x00000000068c0000 nmethod 2629 0x000000000f30c350 code [0x000000000f30c520, 0x000000000f30cc48]
Event: 21.197 Thread 0x00000000068c0000 2632   !   3       java.io.BufferedWriter::write (117 bytes)
Event: 21.335 Thread 0x00000000068c0000 nmethod 2632 0x000000000f402990 code [0x000000000f402b60, 0x000000000f4032c8]
Event: 21.336 Thread 0x00000000068c0000 2634  s    3       java.io.BufferedOutputStream::flush (12 bytes)
Event: 21.466 Thread 0x00000000068c0000 nmethod 2634 0x000000000f1332d0 code [0x000000000f133460, 0x000000000f133958]
Event: 21.467 Thread 0x00000000068c0000 2633       3       java.io.BufferedWriter::min (9 bytes)
Event: 21.467 Thread 0x00000000068c0000 nmethod 2633 0x000000000f170950 code [0x000000000f170aa0, 0x000000000f170c30]

GC Heap History (10 events):
Event: 21.198 GC heap before
{Heap before GC invocations=160 (full 140):
 PSYoungGen      total 221184K, used 124124K [0x00000000ebc00000, 0x0000000100000000, 0x0000000100000000)
  eden space 110592K, 100% used [0x00000000ebc00000,0x00000000f2800000,0x00000000f2800000)
  from space 110592K, 12% used [0x00000000f9400000,0x00000000fa1373e0,0x0000000100000000)
  to   space 110592K, 0% used [0x00000000f2800000,0x00000000f2800000,0x00000000f9400000)
 ParOldGen       total 663552K, used 663057K [0x00000000c3400000, 0x00000000ebc00000, 0x00000000ebc00000)
  object space 663552K, 99% used [0x00000000c3400000,0x00000000ebb84660,0x00000000ebc00000)
 Metaspace       used 20053K, capacity 20992K, committed 21248K, reserved 1067008K
  class space    used 2839K, capacity 3054K, committed 3072K, reserved 1048576K
Event: 21.270 GC heap after
Heap after GC invocations=160 (full 140):
 PSYoungGen      total 221184K, used 124120K [0x00000000ebc00000, 0x0000000100000000, 0x0000000100000000)
  eden space 110592K, 99% used [0x00000000ebc00000,0x00000000f27fef78,0x00000000f2800000)
  from space 110592K, 12% used [0x00000000f9400000,0x00000000fa1373e0,0x0000000100000000)
  to   space 110592K, 0% used [0x00000000f2800000,0x00000000f2800000,0x00000000f9400000)
 ParOldGen       total 663552K, used 663057K [0x00000000c3400000, 0x00000000ebc00000, 0x00000000ebc00000)
  object space 663552K, 99% used [0x00000000c3400000,0x00000000ebb84530,0x00000000ebc00000)
 Metaspace       used 20051K, capacity 20986K, committed 21248K, reserved 1067008K
  class space    used 2839K, capacity 3053K, committed 3072K, reserved 1048576K
}
Event: 21.270 GC heap before
{Heap before GC invocations=161 (full 141):
 PSYoungGen      total 221184K, used 124123K [0x00000000ebc00000, 0x0000000100000000, 0x0000000100000000)
  eden space 110592K, 99% used [0x00000000ebc00000,0x00000000f27ff868,0x00000000f2800000)
  from space 110592K, 12% used [0x00000000f9400000,0x00000000fa1373e0,0x0000000100000000)
  to   space 110592K, 0% used [0x00000000f2800000,0x00000000f2800000,0x00000000f9400000)
 ParOldGen       total 663552K, used 663057K [0x00000000c3400000, 0x00000000ebc00000, 0x00000000ebc00000)
  object space 663552K, 99% used [0x00000000c3400000,0x00000000ebb84530,0x00000000ebc00000)
 Metaspace       used 20052K, capacity 20986K, committed 21248K, reserved 1067008K
  class space    used 2839K, capacity 3053K, committed 3072K, reserved 1048576K
Event: 21.335 GC heap after
Heap after GC invocations=161 (full 141):
 PSYoungGen      total 221184K, used 124121K [0x00000000ebc00000, 0x0000000100000000, 0x0000000100000000)
  eden space 110592K, 99% used [0x00000000ebc00000,0x00000000f27ff0f0,0x00000000f2800000)
  from space 110592K, 12% used [0x00000000f9400000,0x00000000fa1373e0,0x0000000100000000)
  to   space 110592K, 0% used [0x00000000f2800000,0x00000000f2800000,0x00000000f9400000)
 ParOldGen       total 663552K, used 663057K [0x00000000c3400000, 0x00000000ebc00000, 0x00000000ebc00000)
  object space 663552K, 99% used [0x00000000c3400000,0x00000000ebb84530,0x00000000ebc00000)
 Metaspace       used 20052K, capacity 20986K, committed 21248K, reserved 1067008K
  class space    used 2839K, capacity 3053K, committed 3072K, reserved 1048576K
}
Event: 21.336 GC heap before
{Heap before GC invocations=162 (full 142):
 PSYoungGen      total 221184K, used 124124K [0x00000000ebc00000, 0x0000000100000000, 0x0000000100000000)
  eden space 110592K, 100% used [0x00000000ebc00000,0x00000000f2800000,0x00000000f2800000)
  from space 110592K, 12% used [0x00000000f9400000,0x00000000fa1373e0,0x0000000100000000)
  to   space 110592K, 0% used [0x00000000f2800000,0x00000000f2800000,0x00000000f9400000)
 ParOldGen       total 663552K, used 663080K [0x00000000c3400000, 0x00000000ebc00000, 0x00000000ebc00000)
  object space 663552K, 99% used [0x00000000c3400000,0x00000000ebb8a340,0x00000000ebc00000)
 Metaspace       used 20063K, capacity 20986K, committed 21248K, reserved 1067008K
  class space    used 2839K, capacity 3053K, committed 3072K, reserved 1048576K
Event: 21.401 GC heap after
Heap after GC invocations=162 (full 142):
 PSYoungGen      total 221184K, used 124120K [0x00000000ebc00000, 0x0000000100000000, 0x0000000100000000)
  eden space 110592K, 99% used [0x00000000ebc00000,0x00000000f27feff0,0x00000000f2800000)
  from space 110592K, 12% used [0x00000000f9400000,0x00000000fa1373e0,0x0000000100000000)
  to   space 110592K, 0% used [0x00000000f2800000,0x00000000f2800000,0x00000000f9400000)
 ParOldGen       total 663552K, used 663064K [0x00000000c3400000, 0x00000000ebc00000, 0x00000000ebc00000)
  object space 663552K, 99% used [0x00000000c3400000,0x00000000ebb862f0,0x00000000ebc00000)
 Metaspace       used 20063K, capacity 20986K, committed 21248K, reserved 1067008K
  class space    used 2839K, capacity 3053K, committed 3072K, reserved 1048576K
}
Event: 21.401 GC heap before
{Heap before GC invocations=163 (full 143):
 PSYoungGen      total 221184K, used 124124K [0x00000000ebc00000, 0x0000000100000000, 0x0000000100000000)
  eden space 110592K, 100% used [0x00000000ebc00000,0x00000000f2800000,0x00000000f2800000)
  from space 110592K, 12% used [0x00000000f9400000,0x00000000fa1373e0,0x0000000100000000)
  to   space 110592K, 0% used [0x00000000f2800000,0x00000000f2800000,0x00000000f9400000)
 ParOldGen       total 663552K, used 663064K [0x00000000c3400000, 0x00000000ebc00000, 0x00000000ebc00000)
  object space 663552K, 99% used [0x00000000c3400000,0x00000000ebb862f0,0x00000000ebc00000)
 Metaspace       used 20063K, capacity 20986K, committed 21248K, reserved 1067008K
  class space    used 2839K, capacity 3053K, committed 3072K, reserved 1048576K
Event: 21.466 GC heap after
Heap after GC invocations=163 (full 143):
 PSYoungGen      total 221184K, used 124121K [0x00000000ebc00000, 0x0000000100000000, 0x0000000100000000)
  eden space 110592K, 99% used [0x00000000ebc00000,0x00000000f27ff318,0x00000000f2800000)
  from space 110592K, 12% used [0x00000000f9400000,0x00000000fa1373e0,0x0000000100000000)
  to   space 110592K, 0% used [0x00000000f2800000,0x00000000f2800000,0x00000000f9400000)
 ParOldGen       total 663552K, used 663064K [0x00000000c3400000, 0x00000000ebc00000, 0x00000000ebc00000)
  object space 663552K, 99% used [0x00000000c3400000,0x00000000ebb86290,0x00000000ebc00000)
 Metaspace       used 20063K, capacity 20986K, committed 21248K, reserved 1067008K
  class space    used 2839K, capacity 3053K, committed 3072K, reserved 1048576K
}
Event: 21.467 GC heap before
{Heap before GC invocations=164 (full 144):
 PSYoungGen      total 221184K, used 124124K [0x00000000ebc00000, 0x0000000100000000, 0x0000000100000000)
  eden space 110592K, 100% used [0x00000000ebc00000,0x00000000f2800000,0x00000000f2800000)
  from space 110592K, 12% used [0x00000000f9400000,0x00000000fa1373e0,0x0000000100000000)
  to   space 110592K, 0% used [0x00000000f2800000,0x00000000f2800000,0x00000000f9400000)
 ParOldGen       total 663552K, used 663089K [0x00000000c3400000, 0x00000000ebc00000, 0x00000000ebc00000)
  object space 663552K, 99% used [0x00000000c3400000,0x00000000ebb8c648,0x00000000ebc00000)
 Metaspace       used 20073K, capacity 20986K, committed 21248K, reserved 1067008K
  class space    used 2839K, capacity 3053K, committed 3072K, reserved 1048576K
Event: 21.532 GC heap after
Heap after GC invocations=164 (full 144):
 PSYoungGen      total 221184K, used 124121K [0x00000000ebc00000, 0x0000000100000000, 0x0000000100000000)
  eden space 110592K, 99% used [0x00000000ebc00000,0x00000000f27ff200,0x00000000f2800000)
  from space 110592K, 12% used [0x00000000f9400000,0x00000000fa1373e0,0x0000000100000000)
  to   space 110592K, 0% used [0x00000000f2800000,0x00000000f2800000,0x00000000f9400000)
 ParOldGen       total 663552K, used 663073K [0x00000000c3400000, 0x00000000ebc00000, 0x00000000ebc00000)
  object space 663552K, 99% used [0x00000000c3400000,0x00000000ebb88618,0x00000000ebc00000)
 Metaspace       used 20073K, capacity 20986K, committed 21248K, reserved 1067008K
  class space    used 2839K, capacity 3053K, committed 3072K, reserved 1048576K
}

Deoptimization events (10 events):
Event: 5.587 Thread 0x0000000008c35800 Uncommon trap: reason=array_check action=maybe_recompile pc=0x000000000f882a7c method=com.sun.javafx.css.CompoundSelector.applies(Ljavafx/css/Styleable;[Ljava/util/Set;I)Z @ 128
Event: 5.587 Thread 0x0000000008c35800 Uncommon trap: reason=array_check action=maybe_recompile pc=0x000000000f882a7c method=com.sun.javafx.css.CompoundSelector.applies(Ljavafx/css/Styleable;[Ljava/util/Set;I)Z @ 128
Event: 5.587 Thread 0x0000000008c35800 Uncommon trap: reason=array_check action=maybe_recompile pc=0x000000000f882a7c method=com.sun.javafx.css.CompoundSelector.applies(Ljavafx/css/Styleable;[Ljava/util/Set;I)Z @ 128
Event: 5.587 Thread 0x0000000008c35800 Uncommon trap: reason=array_check action=maybe_recompile pc=0x000000000f882a7c method=com.sun.javafx.css.CompoundSelector.applies(Ljavafx/css/Styleable;[Ljava/util/Set;I)Z @ 128
Event: 5.589 Thread 0x0000000008c35800 Uncommon trap: reason=unstable_if action=reinterpret pc=0x000000000f8802a0 method=javafx.scene.CssStyleHelper.lookup(Ljavafx/css/Styleable;Ljavafx/css/CssMetaData;Lcom/sun/javafx/css/StyleMap;Ljava/util/Set;Ljavafx/css/Styleable;Lcom/sun/javafx/css/Calcula÷":=Ý@
Event: 5.966 Thread 0x0000000008bfb800 Uncommon trap: reason=unstable_if action=reinterpret pc=0x000000000f87bfa0 method=java.util.WeakHashMap.eq(Ljava/lang/Object;Ljava/lang/Object;)Z @ 2
Event: 10.782 Thread 0x0000000008bfb800 Uncommon trap: reason=unstable_if action=reinterpret pc=0x000000000f234320 method=com.sun.prism.impl.BaseMesh.computeTBNormal([Lcom/sun/prism/impl/MeshVertex;[Lcom/sun/prism/impl/MeshVertex;[I)V @ 371
Event: 10.783 Thread 0x0000000008bfb800 Uncommon trap: reason=unstable_if action=reinterpret pc=0x000000000f9a0b84 method=com.sun.prism.impl.BaseMesh.computeTBNormal([Lcom/sun/prism/impl/MeshVertex;[Lcom/sun/prism/impl/MeshVertex;[I)V @ 371
Event: 10.838 Thread 0x0000000008bfb800 Uncommon trap: reason=unstable_if action=reinterpret pc=0x000000000f11d510 method=com.sun.prism.impl.MeshUtil.computeTBNNormalized(Lcom/sun/javafx/geom/Vec3f;Lcom/sun/javafx/geom/Vec3f;Lcom/sun/javafx/geom/Vec3f;Lcom/sun/javafx/geom/Vec2f;Lcom/sun/javafx/g¾%o»Î‚1@
Event: 17.511 Thread 0x000000000689a000 Uncommon trap: reason=unstable_if action=reinterpret pc=0x000000000f11c0ec method=java.util.WeakHashMap.expungeStaleEntries()V @ 9

Internal exceptions (10 events):
Event: 17.399 Thread 0x0000000008c35800 Exception <a 'java/lang/OutOfMemoryError'> (0x00000000c6ad25a0) thrown at [D:\re\workspace\8-2-build-windows-amd64-cygwin\jdk8u92\6642\hotspot\src\share\vm\prims\jvm.cpp, line 1390]
Event: 17.829 Thread 0x0000000008c35800 Exception <a 'java/lang/OutOfMemoryError'> (0x00000000c6ad25a0) thrown at [D:\re\workspace\8-2-build-windows-amd64-cygwin\jdk8u92\6642\hotspot\src\share\vm\gc_interface/collectedHeap.inline.hpp, line 170]
Event: 18.179 Thread 0x0000000008bfb800 Exception <a 'java/lang/OutOfMemoryError'> (0x00000000c6ad25a0) thrown at [D:\re\workspace\8-2-build-windows-amd64-cygwin\jdk8u92\6642\hotspot\src\share\vm\gc_interface/collectedHeap.inline.hpp, line 170]
Event: 20.869 Thread 0x0000000008c35800 Exception <a 'java/lang/OutOfMemoryError'> (0x00000000c6ad25a0) thrown at [D:\re\workspace\8-2-build-windows-amd64-cygwin\jdk8u92\6642\hotspot\src\share\vm\gc_interface/collectedHeap.inline.hpp, line 170]
Event: 21.197 Thread 0x0000000008c35800 Exception <a 'java/lang/OutOfMemoryError'> (0x00000000c6ad25a0) thrown at [D:\re\workspace\8-2-build-windows-amd64-cygwin\jdk8u92\6642\hotspot\src\share\vm\gc_interface/collectedHeap.inline.hpp, line 170]
Event: 21.532 Thread 0x0000000008c35800 Exception <a 'java/lang/OutOfMemoryError'> (0x00000000c6ad25a0) thrown at [D:\re\workspace\8-2-build-windows-amd64-cygwin\jdk8u92\6642\hotspot\src\share\vm\gc_interface/collectedHeap.inline.hpp, line 170]
Event: 21.532 Thread 0x0000000008c35800 Exception <a 'java/lang/OutOfMemoryError'> (0x00000000c6ad25a0) thrown at [D:\re\workspace\8-2-build-windows-amd64-cygwin\jdk8u92\6642\hotspot\src\share\vm\prims\jvm.cpp, line 1390]
Event: 21.532 Thread 0x0000000008c35800 Exception <a 'java/lang/OutOfMemoryError'> (0x00000000c6ad25a0) thrown at [D:\re\workspace\8-2-build-windows-amd64-cygwin\jdk8u92\6642\hotspot\src\share\vm\prims\jvm.cpp, line 1390]
Event: 21.532 Thread 0x0000000008c35800 Exception <a 'java/lang/OutOfMemoryError'> (0x00000000c6ad25a0) thrown at [D:\re\workspace\8-2-build-windows-amd64-cygwin\jdk8u92\6642\hotspot\src\share\vm\prims\jvm.cpp, line 1390]
Event: 21.532 Thread 0x0000000008c35800 Exception <a 'java/lang/OutOfMemoryError'> (0x00000000c6ad25a0) thrown at [D:\re\workspace\8-2-build-windows-amd64-cygwin\jdk8u92\6642\hotspot\src\share\vm\prims\jvm.cpp, line 1390]

Events (10 events):
Event: 21.532 Thread 0x00000000068c0000 flushing nmethod 0x000000000f48a310
Event: 21.532 Thread 0x00000000068c0000 flushing nmethod 0x000000000f48df10
Event: 21.532 Thread 0x00000000068c0000 flushing nmethod 0x000000000f4948d0
Event: 21.532 Thread 0x00000000068c0000 flushing nmethod 0x000000000f49a290
Event: 21.532 Thread 0x00000000068c0000 flushing nmethod 0x000000000f49a750
Event: 21.532 Thread 0x00000000068c0000 flushing nmethod 0x000000000f4a01d0
Event: 21.532 Thread 0x00000000068c0000 flushing nmethod 0x000000000f4a7e90
Event: 21.532 Thread 0x00000000068c0000 flushing nmethod 0x000000000f4a9450
Event: 21.532 Thread 0x00000000068c0000 flushing nmethod 0x000000000f4bec50
Event: 21.532 Thread 0x00000000068c0000 flushing nmethod 0x000000000f4d0510


Dynamic libraries:
0x00007ff619780000 - 0x00007ff6197b7000 	C:\Program Files\Java\jre1.8.0_92\bin\javaw.exe
0x00007ffa9cf90000 - 0x00007ffa9d151000 	C:\WINDOWS\SYSTEM32\ntdll.dll
0x00007ffa9c450000 - 0x00007ffa9c4fd000 	C:\WINDOWS\system32\KERNEL32.DLL
0x00007ffa9a1a0000 - 0x00007ffa9a388000 	C:\WINDOWS\system32\KERNELBASE.dll
0x00007ffa9ad00000 - 0x00007ffa9ada7000 	C:\WINDOWS\system32\ADVAPI32.dll
0x00007ffa9ac50000 - 0x00007ffa9aced000 	C:\WINDOWS\system32\msvcrt.dll
0x00007ffa9a390000 - 0x00007ffa9a3eb000 	C:\WINDOWS\system32\sechost.dll
0x00007ffa9c500000 - 0x00007ffa9c61c000 	C:\WINDOWS\system32\RPCRT4.dll
0x00007ffa9a3f0000 - 0x00007ffa9a546000 	C:\WINDOWS\system32\USER32.dll
0x00007ffa9aac0000 - 0x00007ffa9ac46000 	C:\WINDOWS\system32\GDI32.dll
0x00007ffa94c30000 - 0x00007ffa94ea4000 	C:\WINDOWS\WinSxS\amd64_microsoft.windows.common-controls_6595b64144ccf1df_6.0.10586.494_none_a2d8b04ea53e3145\COMCTL32.dll
0x00007ffa9a7d0000 - 0x00007ffa9aa4d000 	C:\WINDOWS\system32\combase.dll
0x00007ffa99830000 - 0x00007ffa9989a000 	C:\WINDOWS\system32\bcryptPrimitives.dll
0x00007ffa9a550000 - 0x00007ffa9a58b000 	C:\WINDOWS\system32\IMM32.DLL
0x00007ffa98480000 - 0x00007ffa984af000 	C:\WINDOWS\system32\nvinitx.dll
0x00007ffa98470000 - 0x00007ffa9847a000 	C:\WINDOWS\SYSTEM32\VERSION.dll
0x000000000f000000 - 0x000000000f006000 	C:\Program Files\NVIDIA Corporation\CoProcManager\_etoured.dll
0x00007ffa96da0000 - 0x00007ffa96dd3000 	C:\Program Files\NVIDIA Corporation\CoProcManager\nvd3d9wrapx.dll
0x00007ffa9c950000 - 0x00007ffa9cd79000 	C:\WINDOWS\system32\SETUPAPI.dll
0x00007ffa99b00000 - 0x00007ffa99b43000 	C:\WINDOWS\system32\CFGMGR32.dll
0x00007ffa96c30000 - 0x00007ffa96c53000 	C:\Program Files\NVIDIA Corporation\CoProcManager\nvdxgiwrapx.dll
0x0000000066860000 - 0x0000000066932000 	C:\Program Files\Java\jre1.8.0_92\bin\msvcr100.dll
0x0000000068950000 - 0x00000000691e6000 	C:\Program Files\Java\jre1.8.0_92\bin\server\jvm.dll
0x00007ffa9a590000 - 0x00007ffa9a598000 	C:\WINDOWS\system32\PSAPI.DLL
0x00007ffa90cf0000 - 0x00007ffa90cf9000 	C:\WINDOWS\SYSTEM32\WSOCK32.dll
0x00007ffa978b0000 - 0x00007ffa978d3000 	C:\WINDOWS\SYSTEM32\WINMM.dll
0x00007ffa9c330000 - 0x00007ffa9c39b000 	C:\WINDOWS\system32\WS2_32.dll
0x00007ffa97880000 - 0x00007ffa978ac000 	C:\WINDOWS\SYSTEM32\WINMMBASE.dll
0x0000000068860000 - 0x000000006886f000 	C:\Program Files\Java\jre1.8.0_92\bin\verify.dll
0x0000000068830000 - 0x0000000068859000 	C:\Program Files\Java\jre1.8.0_92\bin\java.dll
0x0000000068810000 - 0x0000000068826000 	C:\Program Files\Java\jre1.8.0_92\bin\zip.dll
0x00007ffa9add0000 - 0x00007ffa9c32c000 	C:\WINDOWS\system32\SHELL32.dll
0x0000000007cf0000 - 0x0000000008335000 	C:\WINDOWS\system32\windows.storage.dll
0x00007ffa9aa50000 - 0x00007ffa9aaa2000 	C:\WINDOWS\system32\shlwapi.dll
0x00007ffa99600000 - 0x00007ffa9960f000 	C:\WINDOWS\system32\kernel.appcore.dll
0x00007ffa999b0000 - 0x00007ffa99a65000 	C:\WINDOWS\system32\shcore.dll
0x00007ffa995b0000 - 0x00007ffa995fb000 	C:\WINDOWS\system32\powrprof.dll
0x00007ffa99610000 - 0x00007ffa99624000 	C:\WINDOWS\system32\profapi.dll
0x00007ffa7c5b0000 - 0x00007ffa7c69f000 	C:\Program Files\Java\jre1.8.0_92\bin\msvcr120.dll
0x00007ffa7cc00000 - 0x00007ffa7cca6000 	C:\Program Files\Java\jre1.8.0_92\bin\msvcp120.dll
0x0000000066830000 - 0x0000000066852000 	C:\Program Files\Java\jre1.8.0_92\bin\prism_d3d.dll
0x00007ffa6f7a0000 - 0x00007ffa6f9b0000 	C:\WINDOWS\system32\d3d9.dll
0x00007ffa96be0000 - 0x00007ffa96c02000 	C:\WINDOWS\SYSTEM32\dwmapi.dll
0x00007ffa97e40000 - 0x00007ffa97ed6000 	C:\WINDOWS\system32\uxtheme.dll
0x00007ffa95e40000 - 0x00007ffa95f36000 	C:\WINDOWS\SYSTEM32\nvumdshimx.dll
0x0000000180000000 - 0x0000000180806000 	C:\WINDOWS\system32\igdumd64.dll
0x00007ffa6e6e0000 - 0x00007ffa6f796000 	C:\WINDOWS\system32\nvd3dumx.dll
0x00007ffa97f90000 - 0x00007ffa97fb7000 	C:\WINDOWS\SYSTEM32\DEVOBJ.dll
0x00007ffa99950000 - 0x00007ffa999a5000 	C:\WINDOWS\system32\WINTRUST.dll
0x00007ffa99630000 - 0x00007ffa99640000 	C:\WINDOWS\system32\MSASN1.dll
0x00007ffa99640000 - 0x00007ffa99808000 	C:\WINDOWS\system32\CRYPT32.dll
0x0000000066280000 - 0x00000000662c3000 	C:\Program Files\Java\jre1.8.0_92\bin\glass.dll
0x00007ffa9c690000 - 0x00007ffa9c79b000 	C:\WINDOWS\system32\COMDLG32.dll
0x00007ffa99a70000 - 0x00007ffa99af6000 	C:\WINDOWS\system32\FirewallAPI.dll
0x00007ffa99810000 - 0x00007ffa99827000 	C:\WINDOWS\system32\NETAPI32.dll
0x00007ffa9c7a0000 - 0x00007ffa9c8e3000 	C:\WINDOWS\system32\ole32.dll
0x00007ffa9a5a0000 - 0x00007ffa9a661000 	C:\WINDOWS\system32\OLEAUT32.dll
0x00007ffa94c10000 - 0x00007ffa94c1c000 	C:\WINDOWS\SYSTEM32\DAVHLPR.DLL
0x00007ffa982f0000 - 0x00007ffa98322000 	C:\WINDOWS\SYSTEM32\fwbase.dll
0x00007ffa9a670000 - 0x00007ffa9a7ca000 	C:\WINDOWS\system32\MSCTF.dll
0x00007ffa6e570000 - 0x00007ffa6e6dc000 	C:\Program Files (x86)\NVIDIA Corporation\3D Vision\nvSCPAPI64.dll
0x00000000660e0000 - 0x0000000066278000 	C:\Program Files\Java\jre1.8.0_92\bin\awt.dll
0x00007ffa97d60000 - 0x00007ffa97dd9000 	C:\WINDOWS\system32\apphelp.dll
0x0000000066810000 - 0x0000000066824000 	C:\Program Files\Java\jre1.8.0_92\bin\javafx_font.dll
0x00007ffa831b0000 - 0x00007ffa83410000 	C:\WINDOWS\SYSTEM32\dwrite.dll
0x00007ffa9c3a0000 - 0x00007ffa9c447000 	C:\WINDOWS\system32\clbcatq.dll
0x00007ffa96670000 - 0x00007ffa96821000 	C:\WINDOWS\SYSTEM32\WindowsCodecs.dll
0x00007ffa88230000 - 0x00007ffa8827a000 	C:\WINDOWS\system32\dataexchange.dll
0x00007ffa96930000 - 0x00007ffa96bd8000 	C:\WINDOWS\system32\d3d11.dll
0x00007ffa97700000 - 0x00007ffa977e3000 	C:\WINDOWS\system32\dcomp.dll
0x00007ffa96830000 - 0x00007ffa968d2000 	C:\WINDOWS\system32\dxgi.dll
0x00007ffa98090000 - 0x00007ffa98190000 	C:\WINDOWS\system32\twinapi.appcore.dll
0x00007ffa991b0000 - 0x00007ffa991d9000 	C:\WINDOWS\system32\bcrypt.dll
0x00007ffa8dda0000 - 0x00007ffa8ddd4000 	C:\Program Files\Common Files\Microsoft Shared\Ink\rtscom.dll
0x00007ffa95330000 - 0x00007ffa95875000 	C:\WINDOWS\SYSTEM32\d2d1.dll
0x00007ffa89760000 - 0x00007ffa899cf000 	C:\WINDOWS\SYSTEM32\D3D10Warp.dll
0x00000000667f0000 - 0x0000000066801000 	C:\Program Files\Java\jre1.8.0_92\bin\prism_common.dll
0x00007ffa96000000 - 0x00007ffa9618c000 	C:\WINDOWS\SYSTEM32\dbghelp.dll

VM Arguments:
jvm_args: -Dfile.encoding=Cp1252 
java_command: de.dfki.stickmanfx.StickmanStageFX
java_class_path (initial): C:\Users\bafci_000\Desktop\Stickman3D\Stickman\bin;C:\Users\bafci_000\Desktop\JFX3DModelImporters_EA_2014-02-09\jim3dsModelImporterJFX.jar;C:\Users\bafci_000\Desktop\JFX3DModelImporters_EA_2014-02-09\jimColModelImporterJFX.jar;C:\Users\bafci_000\Desktop\JFX3DModelImporters_EA_2014-02-09\jimFxmlModelImporterJFX.jar;C:\Users\bafci_000\Desktop\JFX3DModelImporters_EA_2014-02-09\jimObjModelImporterJFX.jar;C:\Users\bafci_000\Desktop\JFX3DModelImporters_EA_2014-02-09\jimStlMeshImporterJFX.jar;C:\Users\bafci_000\Desktop\JFX3DModelImporters_EA_2014-02-09\jimX3dModelImporterJFX.jar
Launcher Type: SUN_STANDARD

Environment Variables:
JAVA_HOME=C:\Program Files\Java\jdk1.8.0_92
PATH=C:/Program Files/Java/jre1.8.0_92/bin/server;C:/Program Files/Java/jre1.8.0_92/bin;C:/Program Files/Java/jre1.8.0_92/lib/amd64;C:\ProgramData\Oracle\Java\javapath;C:\WINDOWS\system32;C:\WINDOWS;C:\WINDOWS\System32\Wbem;C:\WINDOWS\System32\WindowsPowerShell\v1.0\;C:\ant\apache-ant-1.9.7\bin;C:\Users\bafci_000\Desktop\apache-maven-3.3.9\bin;C:\Program Files (x86)\GtkSharp\2.12\bin;C:\Program Files (x86)\MiKTeX 2.9\miktex\bin\;C:\Program Files (x86)\Skype\Phone\;C:\Program Files\Git\cmd;C:\Users\bafci_000\Desktop\open-ssi-code-298-trunk\open-ssi-code-298-trunk\bin\x64\vc140;C:\Program Files (x86)\Python35\Scripts\;C:\Program Files (x86)\Python35\;C:\Program Files\Java\jdk1.8.0_92\bin;C:\Users\bafci_000\Desktop\eclipse;
USERNAME=Beka
OS=Windows_NT
PROCESSOR_IDENTIFIER=Intel64 Family 6 Model 37 Stepping 5, GenuineIntel



---------------  S Y S T E M  ---------------

OS: Windows 10.0 , 64 bit Build 10586 (10.0.10586.0)

CPU:total 4 (2 cores per cpu, 2 threads per core) family 6 model 37 stepping 5, cmov, cx8, fxsr, mmx, sse, sse2, sse3, ssse3, sse4.1, sse4.2, popcnt, ht, tsc, tscinvbit

Memory: 4k page, physical 3978720k(655432k free), swap 8173024k(3272788k free)

vm_info: Java HotSpot(TM) 64-Bit Server VM (25.92-b14) for windows-amd64 JRE (1.8.0_92-b14), built on Mar 31 2016 21:03:04 by "java_re" with MS VC++ 10.0 (VS2010)

time: Sat Sep 03 17:55:32 2016
elapsed time: 21 seconds (0d 0h 0m 21s)

